Release 14.2 - xst P.28xd (nt64)
Copyright (c) 1995-2012 Xilinx, Inc.  All rights reserved.
--> Parameter TMPDIR set to xst/projnav.tmp


Total REAL time to Xst completion: 0.00 secs
Total CPU time to Xst completion: 0.05 secs
 
--> Parameter xsthdpdir set to xst


Total REAL time to Xst completion: 0.00 secs
Total CPU time to Xst completion: 0.05 secs
 
--> Reading design: brutus.prj

TABLE OF CONTENTS
  1) Synthesis Options Summary
  2) HDL Parsing
  3) HDL Elaboration
  4) HDL Synthesis
       4.1) HDL Synthesis Report
  5) Advanced HDL Synthesis
       5.1) Advanced HDL Synthesis Report
  6) Low Level Synthesis
  7) Partition Report
  8) Design Summary
       8.1) Primitive and Black Box Usage
       8.2) Device utilization summary
       8.3) Partition Resource Summary
       8.4) Timing Report
            8.4.1) Clock Information
            8.4.2) Asynchronous Control Signals Information
            8.4.3) Timing Summary
            8.4.4) Timing Details
            8.4.5) Cross Clock Domains Report


=========================================================================
*                      Synthesis Options Summary                        *
=========================================================================
---- Source Parameters
Input File Name                    : "brutus.prj"
Ignore Synthesis Constraint File   : NO

---- Target Parameters
Output File Name                   : "brutus"
Output Format                      : NGC
Target Device                      : xc6slx16-3-csg324

---- Source Options
Top Module Name                    : brutus
Automatic FSM Extraction           : YES
FSM Encoding Algorithm             : Auto
Safe Implementation                : No
FSM Style                          : LUT
RAM Extraction                     : Yes
RAM Style                          : Auto
ROM Extraction                     : Yes
Shift Register Extraction          : YES
ROM Style                          : Auto
Resource Sharing                   : YES
Asynchronous To Synchronous        : NO
Shift Register Minimum Size        : 2
Use DSP Block                      : Auto
Automatic Register Balancing       : No

---- Target Options
LUT Combining                      : Auto
Reduce Control Sets                : Auto
Add IO Buffers                     : YES
Global Maximum Fanout              : 100000
Add Generic Clock Buffer(BUFG)     : 16
Register Duplication               : YES
Optimize Instantiated Primitives   : NO
Use Clock Enable                   : Auto
Use Synchronous Set                : Auto
Use Synchronous Reset              : Auto
Pack IO Registers into IOBs        : Auto
Equivalent register Removal        : YES

---- General Options
Optimization Goal                  : Speed
Optimization Effort                : 1
Power Reduction                    : NO
Keep Hierarchy                     : No
Netlist Hierarchy                  : As_Optimized
RTL Output                         : Yes
Global Optimization                : AllClockNets
Read Cores                         : YES
Write Timing Constraints           : NO
Cross Clock Analysis               : NO
Hierarchy Separator                : /
Bus Delimiter                      : <>
Case Specifier                     : Maintain
Slice Utilization Ratio            : 100
BRAM Utilization Ratio             : 100
DSP48 Utilization Ratio            : 100
Auto BRAM Packing                  : NO
Slice Utilization Ratio Delta      : 5

=========================================================================


=========================================================================
*                          HDL Parsing                                  *
=========================================================================
Parsing VHDL file "C:\Users\ael10jso\Xilinx\embedded_bruteforce\brutus_system\pcores\brutus_v1_00_a\hdl\vhdl\brutus.vhd" into library work
Parsing entity <brutus>.
Parsing architecture <Behavioral> of entity <brutus>.

=========================================================================
*                            HDL Elaboration                            *
=========================================================================

Elaborating entity <brutus> (architecture <Behavioral>) from library <work>.

=========================================================================
*                           HDL Synthesis                               *
=========================================================================

Synthesizing Unit <brutus>.
    Related source file is "C:\Users\ael10jso\Xilinx\embedded_bruteforce\brutus_system\pcores\brutus_v1_00_a\hdl\vhdl\brutus.vhd".
WARNING:Xst:37 - Detected unknown constraint/property "sigis". This constraint/property is not supported by the current software release and will be ignored.
WARNING:Xst:37 - Detected unknown constraint/property "sigis". This constraint/property is not supported by the current software release and will be ignored.
WARNING:Xst:37 - Detected unknown constraint/property "sigis". This constraint/property is not supported by the current software release and will be ignored.
WARNING:Xst:37 - Detected unknown constraint/property "sigis". This constraint/property is not supported by the current software release and will be ignored.
WARNING:Xst:37 - Detected unknown constraint/property "sigis". This constraint/property is not supported by the current software release and will be ignored.
WARNING:Xst:37 - Detected unknown constraint/property "sigis". This constraint/property is not supported by the current software release and will be ignored.
WARNING:Xst:647 - Input <FSL_S_Data> is never used. This port will be preserved and left unconnected if it belongs to a top-level block or it belongs to a sub-block and the hierarchy of this sub-block is preserved.
WARNING:Xst:647 - Input <FSL_S_Clk> is never used. This port will be preserved and left unconnected if it belongs to a top-level block or it belongs to a sub-block and the hierarchy of this sub-block is preserved.
WARNING:Xst:647 - Input <FSL_S_Control> is never used. This port will be preserved and left unconnected if it belongs to a top-level block or it belongs to a sub-block and the hierarchy of this sub-block is preserved.
WARNING:Xst:647 - Input <FSL_M_Clk> is never used. This port will be preserved and left unconnected if it belongs to a top-level block or it belongs to a sub-block and the hierarchy of this sub-block is preserved.
    Found 2-bit register for signal <r_count_c>.
    Found 1-bit register for signal <w_count_c>.
    Found 32-bit register for signal <password_c>.
    Found 2-bit register for signal <state_c>.
INFO:Xst:1799 - State read_charset is never reached in FSM <state_c>.
    Found finite state machine <FSM_0> for signal <state_c>.
    -----------------------------------------------------------------------
    | States             | 4                                              |
    | Transitions        | 7                                              |
    | Inputs             | 3                                              |
    | Outputs            | 4                                              |
    | Clock              | FSL_Clk (rising_edge)                          |
    | Reset              | FSL_Rst (positive)                             |
    | Reset type         | synchronous                                    |
    | Reset State        | idle                                           |
    | Power Up State     | idle                                           |
    | Encoding           | auto                                           |
    | Implementation     | LUT                                            |
    -----------------------------------------------------------------------
    Found 2-bit adder for signal <r_count_c[1]_GND_4_o_add_12_OUT> created at line 1241.
    Found 1-bit adder for signal <w_count_c[0]_PWR_4_o_add_24_OUT<0>> created at line 1241.
    Found 32-bit adder for signal <password_c[31]_GND_4_o_add_25_OUT> created at line 1241.
    Summary:
	inferred   3 Adder/Subtractor(s).
	inferred  35 D-type flip-flop(s).
	inferred   2 Multiplexer(s).
	inferred   1 Finite State Machine(s).
Unit <brutus> synthesized.

=========================================================================
HDL Synthesis Report

Macro Statistics
# Adders/Subtractors                                   : 3
 1-bit adder                                           : 1
 2-bit adder                                           : 1
 32-bit adder                                          : 1
# Registers                                            : 3
 1-bit register                                        : 1
 2-bit register                                        : 1
 32-bit register                                       : 1
# Multiplexers                                         : 2
 1-bit 2-to-1 multiplexer                              : 2
# FSMs                                                 : 1

=========================================================================

=========================================================================
*                       Advanced HDL Synthesis                          *
=========================================================================


Synthesizing (advanced) Unit <brutus>.
The following registers are absorbed into counter <w_count_c_0>: 1 register on signal <w_count_c_0>.
The following registers are absorbed into accumulator <password_c>: 1 register on signal <password_c>.
The following registers are absorbed into counter <r_count_c>: 1 register on signal <r_count_c>.
Unit <brutus> synthesized (advanced).

=========================================================================
Advanced HDL Synthesis Report

Macro Statistics
# Counters                                             : 2
 1-bit up counter                                      : 1
 2-bit up counter                                      : 1
# Accumulators                                         : 1
 32-bit up accumulator                                 : 1
# Multiplexers                                         : 2
 1-bit 2-to-1 multiplexer                              : 2
# FSMs                                                 : 1

=========================================================================

=========================================================================
*                         Low Level Synthesis                           *
=========================================================================
Analyzing FSM <MFsm> for best encoding.
Optimizing FSM <FSM_0> on signal <state_c[1:2]> with user encoding.
---------------------------
 State         | Encoding
---------------------------
 idle          | 00
 read_charset  | unreached
 read_hash     | 10
 write_outputs | 11
---------------------------

Optimizing unit <brutus> ...
WARNING:Xst:1710 - FF/Latch <password_c_30> (without init value) has a constant value of 0 in block <brutus>. This FF/Latch will be trimmed during the optimization process.
WARNING:Xst:1895 - Due to other FF/Latch trimming, FF/Latch <password_c_29> (without init value) has a constant value of 0 in block <brutus>. This FF/Latch will be trimmed during the optimization process.
WARNING:Xst:1895 - Due to other FF/Latch trimming, FF/Latch <password_c_31> (without init value) has a constant value of 0 in block <brutus>. This FF/Latch will be trimmed during the optimization process.
WARNING:Xst:1895 - Due to other FF/Latch trimming, FF/Latch <password_c_28> (without init value) has a constant value of 0 in block <brutus>. This FF/Latch will be trimmed during the optimization process.
WARNING:Xst:1895 - Due to other FF/Latch trimming, FF/Latch <password_c_27> (without init value) has a constant value of 0 in block <brutus>. This FF/Latch will be trimmed during the optimization process.
WARNING:Xst:1895 - Due to other FF/Latch trimming, FF/Latch <password_c_25> (without init value) has a constant value of 0 in block <brutus>. This FF/Latch will be trimmed during the optimization process.
WARNING:Xst:1895 - Due to other FF/Latch trimming, FF/Latch <password_c_24> (without init value) has a constant value of 0 in block <brutus>. This FF/Latch will be trimmed during the optimization process.
WARNING:Xst:1895 - Due to other FF/Latch trimming, FF/Latch <password_c_26> (without init value) has a constant value of 0 in block <brutus>. This FF/Latch will be trimmed during the optimization process.
WARNING:Xst:1895 - Due to other FF/Latch trimming, FF/Latch <password_c_23> (without init value) has a constant value of 0 in block <brutus>. This FF/Latch will be trimmed during the optimization process.
WARNING:Xst:1895 - Due to other FF/Latch trimming, FF/Latch <password_c_22> (without init value) has a constant value of 0 in block <brutus>. This FF/Latch will be trimmed during the optimization process.
WARNING:Xst:1895 - Due to other FF/Latch trimming, FF/Latch <password_c_20> (without init value) has a constant value of 0 in block <brutus>. This FF/Latch will be trimmed during the optimization process.
WARNING:Xst:1895 - Due to other FF/Latch trimming, FF/Latch <password_c_19> (without init value) has a constant value of 0 in block <brutus>. This FF/Latch will be trimmed during the optimization process.
WARNING:Xst:1895 - Due to other FF/Latch trimming, FF/Latch <password_c_21> (without init value) has a constant value of 0 in block <brutus>. This FF/Latch will be trimmed during the optimization process.
WARNING:Xst:1895 - Due to other FF/Latch trimming, FF/Latch <password_c_17> (without init value) has a constant value of 0 in block <brutus>. This FF/Latch will be trimmed during the optimization process.
WARNING:Xst:1895 - Due to other FF/Latch trimming, FF/Latch <password_c_16> (without init value) has a constant value of 0 in block <brutus>. This FF/Latch will be trimmed during the optimization process.
WARNING:Xst:1895 - Due to other FF/Latch trimming, FF/Latch <password_c_18> (without init value) has a constant value of 0 in block <brutus>. This FF/Latch will be trimmed during the optimization process.
WARNING:Xst:1895 - Due to other FF/Latch trimming, FF/Latch <password_c_14> (without init value) has a constant value of 0 in block <brutus>. This FF/Latch will be trimmed during the optimization process.
WARNING:Xst:1895 - Due to other FF/Latch trimming, FF/Latch <password_c_13> (without init value) has a constant value of 0 in block <brutus>. This FF/Latch will be trimmed during the optimization process.
WARNING:Xst:1895 - Due to other FF/Latch trimming, FF/Latch <password_c_15> (without init value) has a constant value of 0 in block <brutus>. This FF/Latch will be trimmed during the optimization process.
WARNING:Xst:1895 - Due to other FF/Latch trimming, FF/Latch <password_c_12> (without init value) has a constant value of 0 in block <brutus>. This FF/Latch will be trimmed during the optimization process.
WARNING:Xst:1895 - Due to other FF/Latch trimming, FF/Latch <password_c_11> (without init value) has a constant value of 0 in block <brutus>. This FF/Latch will be trimmed during the optimization process.
WARNING:Xst:1895 - Due to other FF/Latch trimming, FF/Latch <password_c_9> (without init value) has a constant value of 0 in block <brutus>. This FF/Latch will be trimmed during the optimization process.
WARNING:Xst:1895 - Due to other FF/Latch trimming, FF/Latch <password_c_8> (without init value) has a constant value of 0 in block <brutus>. This FF/Latch will be trimmed during the optimization process.
WARNING:Xst:1895 - Due to other FF/Latch trimming, FF/Latch <password_c_10> (without init value) has a constant value of 0 in block <brutus>. This FF/Latch will be trimmed during the optimization process.
WARNING:Xst:1895 - Due to other FF/Latch trimming, FF/Latch <password_c_7> (without init value) has a constant value of 0 in block <brutus>. This FF/Latch will be trimmed during the optimization process.
WARNING:Xst:1895 - Due to other FF/Latch trimming, FF/Latch <password_c_6> (without init value) has a constant value of 0 in block <brutus>. This FF/Latch will be trimmed during the optimization process.
WARNING:Xst:1895 - Due to other FF/Latch trimming, FF/Latch <password_c_4> (without init value) has a constant value of 1 in block <brutus>. This FF/Latch will be trimmed during the optimization process.
WARNING:Xst:1895 - Due to other FF/Latch trimming, FF/Latch <password_c_3> (without init value) has a constant value of 0 in block <brutus>. This FF/Latch will be trimmed during the optimization process.
WARNING:Xst:1895 - Due to other FF/Latch trimming, FF/Latch <password_c_5> (without init value) has a constant value of 0 in block <brutus>. This FF/Latch will be trimmed during the optimization process.
WARNING:Xst:1895 - Due to other FF/Latch trimming, FF/Latch <password_c_1> (without init value) has a constant value of 0 in block <brutus>. This FF/Latch will be trimmed during the optimization process.
INFO:Xst:2261 - The FF/Latch <password_c_0> in Unit <brutus> is equivalent to the following 2 FFs/Latches, which will be removed : <w_count_c_0> <password_c_2> 

Mapping all equations...
Building and optimizing final netlist ...
Found area constraint ratio of 100 (+ 5) on block brutus, actual ratio is 0.

Final Macro Processing ...

=========================================================================
Final Register Report

Macro Statistics
# Registers                                            : 5
 Flip-Flops                                            : 5

=========================================================================

=========================================================================
*                           Partition Report                            *
=========================================================================

Partition Implementation Status
-------------------------------

  No Partitions were found in this design.

-------------------------------

=========================================================================
*                            Design Summary                             *
=========================================================================

Top Level Output File Name         : brutus.ngc

Primitive and Black Box Usage:
------------------------------
# BELS                             : 11
#      GND                         : 1
#      INV                         : 1
#      LUT2                        : 1
#      LUT3                        : 1
#      LUT4                        : 1
#      LUT5                        : 2
#      LUT6                        : 2
#      VCC                         : 1
#      XORCY                       : 1
# FlipFlops/Latches                : 5
#      FD                          : 2
#      FDR                         : 3
# Clock Buffers                    : 1
#      BUFGP                       : 1
# IO Buffers                       : 37
#      IBUF                        : 3
#      OBUF                        : 34

Device utilization summary:
---------------------------

Selected Device : 6slx16csg324-3 


Slice Logic Utilization: 
 Number of Slice Registers:               5  out of  18224     0%  
 Number of Slice LUTs:                    8  out of   9112     0%  
    Number used as Logic:                 8  out of   9112     0%  

Slice Logic Distribution: 
 Number of LUT Flip Flop pairs used:     13
   Number with an unused Flip Flop:       8  out of     13    61%  
   Number with an unused LUT:             5  out of     13    38%  
   Number of fully used LUT-FF pairs:     0  out of     13     0%  
   Number of unique control sets:         2

IO Utilization: 
 Number of IOs:                          74
 Number of bonded IOBs:                  38  out of    232    16%  

Specific Feature Utilization:
 Number of BUFG/BUFGCTRLs:                1  out of     16     6%  

---------------------------
Partition Resource Summary:
---------------------------

  No Partitions were found in this design.

---------------------------


=========================================================================
Timing Report

NOTE: THESE TIMING NUMBERS ARE ONLY A SYNTHESIS ESTIMATE.
      FOR ACCURATE TIMING INFORMATION PLEASE REFER TO THE TRACE REPORT
      GENERATED AFTER PLACE-and-ROUTE.

Clock Information:
------------------
-----------------------------------+------------------------+-------+
Clock Signal                       | Clock buffer(FF name)  | Load  |
-----------------------------------+------------------------+-------+
FSL_Clk                            | BUFGP                  | 5     |
-----------------------------------+------------------------+-------+

Asynchronous Control Signals Information:
----------------------------------------
No asynchronous control signals found in this design

Timing Summary:
---------------
Speed Grade: -3

   Minimum period: 2.420ns (Maximum Frequency: 413.291MHz)
   Minimum input arrival time before clock: 2.606ns
   Maximum output required time after clock: 4.804ns
   Maximum combinational path delay: 5.292ns

Timing Details:
---------------
All values displayed in nanoseconds (ns)

=========================================================================
Timing constraint: Default period analysis for Clock 'FSL_Clk'
  Clock period: 2.420ns (frequency: 413.291MHz)
  Total number of paths / destination ports: 19 / 5
-------------------------------------------------------------------------
Delay:               2.420ns (Levels of Logic = 3)
  Source:            password_c_0 (FF)
  Destination:       password_c_0 (FF)
  Source Clock:      FSL_Clk rising
  Destination Clock: FSL_Clk rising

  Data Path: password_c_0 to password_c_0
                                Gate     Net
    Cell:in->out      fanout   Delay   Delay  Logical Name (Net Name)
    ----------------------------------------  ------------
     FDR:C->Q              6   0.447   0.744  password_c_0 (password_c_0)
     INV:I->O              0   0.206   0.000  Maccum_password_c_lut<0>_INV_0 (Maccum_password_c_lut<0>)
     XORCY:LI->O           1   0.136   0.580  Maccum_password_c_xor<0> (Result<0>1)
     LUT5:I4->O            1   0.205   0.000  password_c_0_rstpot (password_c_0_rstpot)
     FDR:D                     0.102          password_c_0
    ----------------------------------------
    Total                      2.420ns (1.096ns logic, 1.324ns route)
                                       (45.3% logic, 54.7% route)

=========================================================================
Timing constraint: Default OFFSET IN BEFORE for Clock 'FSL_Clk'
  Total number of paths / destination ports: 10 / 8
-------------------------------------------------------------------------
Offset:              2.606ns (Levels of Logic = 2)
  Source:            FSL_Rst (PAD)
  Destination:       r_count_c_1 (FF)
  Destination Clock: FSL_Clk rising

  Data Path: FSL_Rst to r_count_c_1
                                Gate     Net
    Cell:in->out      fanout   Delay   Delay  Logical Name (Net Name)
    ----------------------------------------  ------------
     IBUF:I->O             5   1.222   1.079  FSL_Rst_IBUF (FSL_Rst_IBUF)
     LUT6:I0->O            1   0.203   0.000  r_count_c_1_rstpot (r_count_c_1_rstpot)
     FD:D                      0.102          r_count_c_1
    ----------------------------------------
    Total                      2.606ns (1.527ns logic, 1.079ns route)
                                       (58.6% logic, 41.4% route)

=========================================================================
Timing constraint: Default OFFSET OUT AFTER for Clock 'FSL_Clk'
  Total number of paths / destination ports: 5 / 4
-------------------------------------------------------------------------
Offset:              4.804ns (Levels of Logic = 2)
  Source:            state_c_FSM_FFd2 (FF)
  Destination:       FSL_S_Read (PAD)
  Source Clock:      FSL_Clk rising

  Data Path: state_c_FSM_FFd2 to FSL_S_Read
                                Gate     Net
    Cell:in->out      fanout   Delay   Delay  Logical Name (Net Name)
    ----------------------------------------  ------------
     FDR:C->Q              7   0.447   1.002  state_c_FSM_FFd2 (state_c_FSM_FFd2)
     LUT3:I0->O            1   0.205   0.579  state_c_FSM_FFd2-In111 (FSL_S_Read_OBUF)
     OBUF:I->O                 2.571          FSL_S_Read_OBUF (FSL_S_Read)
    ----------------------------------------
    Total                      4.804ns (3.223ns logic, 1.581ns route)
                                       (67.1% logic, 32.9% route)

=========================================================================
Timing constraint: Default path analysis
  Total number of paths / destination ports: 2 / 2
-------------------------------------------------------------------------
Delay:               5.292ns (Levels of Logic = 3)
  Source:            FSL_S_Exists (PAD)
  Destination:       FSL_S_Read (PAD)

  Data Path: FSL_S_Exists to FSL_S_Read
                                Gate     Net
    Cell:in->out      fanout   Delay   Delay  Logical Name (Net Name)
    ----------------------------------------  ------------
     IBUF:I->O             5   1.222   0.715  FSL_S_Exists_IBUF (FSL_S_Exists_IBUF)
     LUT3:I2->O            1   0.205   0.579  state_c_FSM_FFd2-In111 (FSL_S_Read_OBUF)
     OBUF:I->O                 2.571          FSL_S_Read_OBUF (FSL_S_Read)
    ----------------------------------------
    Total                      5.292ns (3.998ns logic, 1.294ns route)
                                       (75.6% logic, 24.4% route)

=========================================================================

Cross Clock Domains Report:
--------------------------

Clock to Setup on destination clock FSL_Clk
---------------+---------+---------+---------+---------+
               | Src:Rise| Src:Fall| Src:Rise| Src:Fall|
Source Clock   |Dest:Rise|Dest:Rise|Dest:Fall|Dest:Fall|
---------------+---------+---------+---------+---------+
FSL_Clk        |    2.420|         |         |         |
---------------+---------+---------+---------+---------+

=========================================================================


Total REAL time to Xst completion: 4.00 secs
Total CPU time to Xst completion: 4.84 secs
 
--> 

Total memory usage is 256624 kilobytes

Number of errors   :    0 (   0 filtered)
Number of warnings :   40 (   0 filtered)
Number of infos    :    2 (   0 filtered)

