ISim log file
Running: C:\Users\ael10jso\Xilinx\embedded_bruteforce\brutus_system\ISE\controller_sg_pp_md_comp\tb_brutus_isim_beh.exe -intstyle ise -gui -tclbatch isim.cmd -wdb C:/Users/ael10jso/Xilinx/embedded_bruteforce/brutus_system/ISE/controller_sg_pp_md_comp/tb_brutus_isim_beh.wdb 
ISim P.28xd (signature 0xa0883be4)
----------------------------------------------------------------------
INFO:Security:50 - The XILINXD_LICENSE_FILE environment variable is set to '2100@vm05.cs.lth.se'.
INFO:Security:53 - The LM_LICENSE_FILE environment variable is not set.
WARNING:Security:43 - No license file was found in the standard Xilinx license directory.
WARNING:Security:44 - Since no license file was found,
       please run the Xilinx License Configuration Manager
       (xlcm or "Manage Xilinx Licenses")
       to assist in obtaining a license.
WARNING:Security:42 - Your software subscription period has lapsed. Your current version of Xilinx tools will continue to function, but you no longer qualify for Xilinx software updates or new releases.


----------------------------------------------------------------------
This is a Full version of ISim.
Time resolution is 1 ps
# onerror resume
# wave add /
# run 1000 ns
Simulator is doing circuit initialization process.
at 0 ps, Instance /tb_brutus/uut/comp_inst/ : Warning: NUMERIC_STD."=": metavalue detected, returning FALSE
Finished circuit initialization process.
at 0 ps, Instance /tb_brutus/uut/comp_inst/ : Warning: NUMERIC_STD."=": metavalue detected, returning FALSE
ISim P.28xd (signature 0xa0883be4)
----------------------------------------------------------------------
INFO:Security:50 - The XILINXD_LICENSE_FILE environment variable is set to '2100@vm05.cs.lth.se'.
INFO:Security:53 - The LM_LICENSE_FILE environment variable is not set.
WARNING:Security:43 - No license file was found in the standard Xilinx license directory.
WARNING:Security:44 - Since no license file was found,
       please run the Xilinx License Configuration Manager
       (xlcm or "Manage Xilinx Licenses")
       to assist in obtaining a license.
WARNING:Security:42 - Your software subscription period has lapsed. Your current version of Xilinx tools will continue to function, but you no longer qualify for Xilinx software updates or new releases.


----------------------------------------------------------------------
This is a Full version of ISim.
# run 1000 ns
Simulator is doing circuit initialization process.
at 0 ps, Instance /tb_brutus/uut/comp_inst/ : Warning: NUMERIC_STD."=": metavalue detected, returning FALSE
Finished circuit initialization process.
at 0 ps, Instance /tb_brutus/uut/comp_inst/ : Warning: NUMERIC_STD."=": metavalue detected, returning FALSE
# run 50.00us
# run 50.00us
# run 50.00us
# run 50.00us
# run 50.00us
# run 50.00us
# run 50.00us
# run 50.00us
# run 50.00us
# run 500.00us
# run 5000.00us
# run 5000.00us
ISim P.28xd (signature 0xa0883be4)
----------------------------------------------------------------------
INFO:Security:50 - The XILINXD_LICENSE_FILE environment variable is set to '2100@vm05.cs.lth.se'.
INFO:Security:53 - The LM_LICENSE_FILE environment variable is not set.
WARNING:Security:43 - No license file was found in the standard Xilinx license directory.
WARNING:Security:44 - Since no license file was found,
       please run the Xilinx License Configuration Manager
       (xlcm or "Manage Xilinx Licenses")
       to assist in obtaining a license.
WARNING:Security:42 - Your software subscription period has lapsed. Your current version of Xilinx tools will continue to function, but you no longer qualify for Xilinx software updates or new releases.


----------------------------------------------------------------------
This is a Full version of ISim.
# run 1000 ns
Simulator is doing circuit initialization process.
at 0 ps, Instance /tb_brutus/uut/comp_inst/ : Warning: NUMERIC_STD."=": metavalue detected, returning FALSE
Finished circuit initialization process.
at 0 ps, Instance /tb_brutus/uut/comp_inst/ : Warning: NUMERIC_STD."=": metavalue detected, returning FALSE
# run 5000.00us
# run 5000.00us
# run 50000.00us
Stopped at time : 29567830 ns : File "C:/Users/ael10jso/Xilinx/embedded_bruteforce/vhdl/tb_brutus.vhd" Line 62
