Release 14.2 Xflow P.28xd (nt64)
Copyright (c) 1995-2012 Xilinx, Inc.  All rights reserved.
xflow.exe -wd implementation -p xc6slx16csg324-3 -implement xflow.opt system.ngc
 
PMSPEC -- Overriding Xilinx file
<C:/Xilinx/14.2/ISE_DS/EDK/spartan6/data/spartan6.acd> with local file
<C:/Xilinx/14.2/ISE_DS/ISE/spartan6/data/spartan6.acd>
.... Copying flowfile C:/Xilinx/14.2/ISE_DS/ISE/xilinx/data/fpga.flw into
working directory C:/Users/ael10jso/Xilinx/brutus/implementation 

Using Flow File: C:/Users/ael10jso/Xilinx/brutus/implementation/fpga.flw 
Using Option File(s): 
 C:/Users/ael10jso/Xilinx/brutus/implementation/xflow.opt 

Creating Script File ... 

#----------------------------------------------#
# Starting program ngdbuild
# ngdbuild -p xc6slx16csg324-3 -nt timestamp -bm system.bmm
"C:/Users/ael10jso/Xilinx/brutus/implementation/system.ngc" -uc system.ucf
system.ngd 
#----------------------------------------------#
Release 14.2 - ngdbuild P.28xd (nt64)
Copyright (c) 1995-2012 Xilinx, Inc.  All rights reserved.
PMSPEC -- Overriding Xilinx file
<C:/Xilinx/14.2/ISE_DS/EDK/spartan6/data/spartan6.acd> with local file
<C:/Xilinx/14.2/ISE_DS/ISE/spartan6/data/spartan6.acd>

Command Line: C:\Xilinx\14.2\ISE_DS\ISE\bin\nt64\unwrapped\ngdbuild.exe -p
xc6slx16csg324-3 -nt timestamp -bm system.bmm
C:/Users/ael10jso/Xilinx/brutus/implementation/system.ngc -uc system.ucf
system.ngd

Reading NGO file "C:/Users/ael10jso/Xilinx/brutus/implementation/system.ngc" ...
Loading design module
"C:/Users/ael10jso/Xilinx/brutus/implementation/system_push_buttons_4bits_wrappe
r.ngc"...
Loading design module
"C:/Users/ael10jso/Xilinx/brutus/implementation/system_dip_switches_8bits_wrappe
r.ngc"...
Loading design module
"C:/Users/ael10jso/Xilinx/brutus/implementation/system_rs232_uart_1_wrapper.ngc"
...
Loading design module
"C:/Users/ael10jso/Xilinx/brutus/implementation/system_proc_sys_reset_0_wrapper.
ngc"...
Loading design module
"C:/Users/ael10jso/Xilinx/brutus/implementation/system_clock_generator_0_wrapper
.ngc"...
Loading design module
"C:/Users/ael10jso/Xilinx/brutus/implementation/system_microblaze_0_ilmb_wrapper
.ngc"...
Loading design module
"C:/Users/ael10jso/Xilinx/brutus/implementation/system_microblaze_0_dlmb_wrapper
.ngc"...
Loading design module
"C:/Users/ael10jso/Xilinx/brutus/implementation/system_fsl_v20_0_wrapper.ngc"...
Loading design module
"C:/Users/ael10jso/Xilinx/brutus/implementation/system_fsl_v20_1_wrapper.ngc"...
Loading design module
"C:/Users/ael10jso/Xilinx/brutus/implementation/system_axi4lite_0_wrapper.ngc"..
.
Loading design module
"C:/Users/ael10jso/Xilinx/brutus/implementation/system_microblaze_0_wrapper.ngc"
...
Loading design module
"C:/Users/ael10jso/Xilinx/brutus/implementation/system_microblaze_0_i_bram_ctrl_
wrapper.ngc"...
Loading design module
"C:/Users/ael10jso/Xilinx/brutus/implementation/system_microblaze_0_d_bram_ctrl_
wrapper.ngc"...
Loading design module
"C:/Users/ael10jso/Xilinx/brutus/implementation/system_brutus_0_wrapper.ngc"...
Loading design module
"C:/Users/ael10jso/Xilinx/brutus/implementation/system_debug_module_wrapper.ngc"
...
Loading design module
"C:/Users/ael10jso/Xilinx/brutus/implementation/system_leds_8bits_wrapper.ngc"..
.
Loading design module
"C:/Users/ael10jso/Xilinx/brutus/implementation/system_microblaze_0_bram_block_w
rapper.ngc"...
Applying constraints in
"C:/Users/ael10jso/Xilinx/brutus/implementation/system_microblaze_0_ilmb_wrapper
.ncf" to module "microblaze_0_ilmb"...
Checking Constraint Associations...
Applying constraints in
"C:/Users/ael10jso/Xilinx/brutus/implementation/system_microblaze_0_dlmb_wrapper
.ncf" to module "microblaze_0_dlmb"...
Checking Constraint Associations...
Applying constraints in
"C:/Users/ael10jso/Xilinx/brutus/implementation/system_axi4lite_0_wrapper.ncf"
to module "axi4lite_0"...
Checking Constraint Associations...
Applying constraints in
"C:/Users/ael10jso/Xilinx/brutus/implementation/system_microblaze_0_wrapper.ncf"
to module "microblaze_0"...
Checking Constraint Associations...
Gathering constraint information from source properties...
Done.

Annotating constraints to design from ucf file "system.ucf" ...
Resolving constraint associations...
Checking Constraint Associations...
WARNING:ConstraintSystem:135 - Constraint <INST
   /system/EXPANDED/system/axi4lite_0/axi4lite_0\/si_converter_bank\/gen_conv_sl
   ot[0].clock_conv_inst\/interconnect_aresetn_resync<2>_inv1_INV_0 TNM =
   FFS:axi4lite_0_reset_resync>: No instances of type FFS were found under block
   "axi4lite_0/axi4lite_0/si_converter_bank/gen_conv_slot[0].clock_conv_inst/int
   erconnect_aresetn_resync<2>_inv1_INV_0" (type=INV).

WARNING:ConstraintSystem:58 - Constraint <TIMEGRP axi4lite_0_reset_source = FFS
   PADS CPUS;>: CPUS "*" does not match any design objects.

WARNING:ConstraintSystem:194 - The TNM 'axi4lite_0_reset_resync', does not
   directly or indirectly drive any flip-flops, latches and/or RAMs and is not
   actively used by any referencing constraint.

INFO:ConstraintSystem:178 - TNM 'sys_clk_pin', used in period specification
   'TS_sys_clk_pin', was traced into PLL_ADV instance
   clock_generator_0/PLL0_INST/Using_PLL_ADV.PLL_ADV_inst. The following new TNM
   groups and period specifications were generated at the PLL_ADV output(s): 
   CLKOUT0: <TIMESPEC TS_clock_generator_0_clock_generator_0_SIG_PLL0_CLKOUT0 =
   PERIOD "clock_generator_0_clock_generator_0_SIG_PLL0_CLKOUT0" TS_sys_clk_pin
   HIGH 50%>

Done...

Processing BMM file "system.bmm" ...

Checking expanded design ...
WARNING:NgdBuild:443 - SFF primitive
   'microblaze_0/microblaze_0/MicroBlaze_Core_I/Performance.Decode_I/Using_FPGA.
   Gen_Bits[27].MEM_EX_Result_Inst' has unconnected output pin
WARNING:NgdBuild:452 - logical net 'fsl_v20_0_FSL_M_Control' has no driver

Partition Implementation Status
-------------------------------

  No Partitions were found in this design.

-------------------------------

NGDBUILD Design Results Summary:
  Number of errors:     0
  Number of warnings:   5

Writing NGD file "system.ngd" ...
Total REAL time to NGDBUILD completion:  40 sec
Total CPU time to NGDBUILD completion:   39 sec

Writing NGDBUILD log file "system.bld"...

NGDBUILD done.



#----------------------------------------------#
# Starting program map
# map -o system_map.ncd -w -pr b -ol high -timing -detail system.ngd system.pcf 
#----------------------------------------------#
Release 14.2 - Map P.28xd (nt64)
Copyright (c) 1995-2012 Xilinx, Inc.  All rights reserved.
PMSPEC -- Overriding Xilinx file
<C:/Xilinx/14.2/ISE_DS/EDK/data/Xdh_PrimTypeLib.xda> with local file
<C:/Xilinx/14.2/ISE_DS/ISE/data/Xdh_PrimTypeLib.xda>
Using target part "6slx16csg324-3".
vvvvvvvvvvvvvvvvvvvvvvvvvvvvvvvvvvvvvvvvvvvvvvvvvvvvvvvvvvvvvvvvvvvvvv
INFO:Security:50 - The XILINXD_LICENSE_FILE environment variable is set to
'2100@vm05.cs.lth.se'.
INFO:Security:53 - The LM_LICENSE_FILE environment variable is not set.
INFO:Security:54 - 'xc6slx16' is a WebPack part.
WARNING:Security:43 - No license file was found in the standard Xilinx license
directory.
WARNING:Security:44 - Since no license file was found,
       please run the Xilinx License Configuration Manager
       (xlcm or "Manage Xilinx Licenses")
       to assist in obtaining a license.
WARNING:Security:42 - Your software subscription period has lapsed. Your current
version of Xilinx tools will continue to function, but you no longer qualify for
Xilinx software updates or new releases.
----------------------------------------------------------------------
Mapping design into LUTs...
Writing file system_map.ngm...
Running directed packing...
Running delay-based LUT packing...
Updating timing models...
INFO:Map:215 - The Interim Design Summary has been generated in the MAP Report
   (.mrp).
Running timing-driven placement...
Total REAL time at the beginning of Placer: 11 secs 
Total CPU  time at the beginning of Placer: 8 secs 

Phase 1.1  Initial Placement Analysis
Phase 1.1  Initial Placement Analysis (Checksum:e5c26c96) REAL time: 13 secs 

Phase 2.7  Design Feasibility Check
Phase 2.7  Design Feasibility Check (Checksum:e5c26c96) REAL time: 13 secs 

Phase 3.31  Local Placement Optimization
Phase 3.31  Local Placement Optimization (Checksum:db590e6) REAL time: 13 secs 

Phase 4.2  Initial Placement for Architecture Specific Features

Phase 4.2  Initial Placement for Architecture Specific Features
(Checksum:a94d7c7f) REAL time: 15 secs 

Phase 5.36  Local Placement Optimization
Phase 5.36  Local Placement Optimization (Checksum:a94d7c7f) REAL time: 15 secs 

Phase 6.30  Global Clock Region Assignment
Phase 6.30  Global Clock Region Assignment (Checksum:a94d7c7f) REAL time: 15 secs 

Phase 7.3  Local Placement Optimization
Phase 7.3  Local Placement Optimization (Checksum:a94d7c7f) REAL time: 16 secs 

Phase 8.5  Local Placement Optimization
Phase 8.5  Local Placement Optimization (Checksum:a94d7c7f) REAL time: 16 secs 

Phase 9.8  Global Placement
.........................
.............................
.................................................
..................................................
.........................
Phase 9.8  Global Placement (Checksum:b12a6f12) REAL time: 27 secs 

Phase 10.5  Local Placement Optimization
Phase 10.5  Local Placement Optimization (Checksum:b12a6f12) REAL time: 27 secs 

Phase 11.18  Placement Optimization
Phase 11.18  Placement Optimization (Checksum:b5c17646) REAL time: 30 secs 

Phase 12.5  Local Placement Optimization
Phase 12.5  Local Placement Optimization (Checksum:b5c17646) REAL time: 30 secs 

Phase 13.34  Placement Validation
Phase 13.34  Placement Validation (Checksum:1bb5d74d) REAL time: 30 secs 

Total REAL time to Placer completion: 30 secs 
Total CPU  time to Placer completion: 26 secs 
Running post-placement packing...
Writing output files...

Design Summary:
Number of errors:      0
Number of warnings:   18
Slice Logic Utilization:
  Number of Slice Registers:                 1,521 out of  18,224    8%
    Number used as Flip Flops:               1,514
    Number used as Latches:                      0
    Number used as Latch-thrus:                  0
    Number used as AND/OR logics:                7
  Number of Slice LUTs:                      2,081 out of   9,112   22%
    Number used as logic:                    1,866 out of   9,112   20%
      Number using O6 output only:           1,503
      Number using O5 output only:              42
      Number using O5 and O6:                  321
      Number used as ROM:                        0
    Number used as Memory:                     171 out of   2,176    7%
      Number used as Dual Port RAM:             64
        Number using O6 output only:             0
        Number using O5 output only:             0
        Number using O5 and O6:                 64
      Number used as Single Port RAM:            0
      Number used as Shift Register:           107
        Number using O6 output only:            28
        Number using O5 output only:             1
        Number using O5 and O6:                 78
    Number used exclusively as route-thrus:     44
      Number with same-slice register load:     39
      Number with same-slice carry load:         5
      Number with other load:                    0

Slice Logic Distribution:
  Number of occupied Slices:                   847 out of   2,278   37%
  Nummber of MUXCYs used:                      236 out of   4,556    5%
  Number of LUT Flip Flop pairs used:        2,422
    Number with an unused Flip Flop:         1,023 out of   2,422   42%
    Number with an unused LUT:                 341 out of   2,422   14%
    Number of fully used LUT-FF pairs:       1,058 out of   2,422   43%
    Number of unique control sets:             127
    Number of slice register sites lost
      to control set restrictions:             501 out of  18,224    2%

  A LUT Flip Flop pair for this architecture represents one LUT paired with
  one Flip Flop within a slice.  A control set is a unique combination of
  clock, reset, set, and enable signals for a registered element.
  The Slice Logic Distribution report is not meaningful if the design is
  over-mapped for a non-slice resource or if Placement fails.

IO Utilization:
  Number of bonded IOBs:                        24 out of     232   10%
    Number of LOCed IOBs:                       24 out of      24  100%
    IOB Flip Flops:                              2

Specific Feature Utilization:
  Number of RAMB16BWERs:                        16 out of      32   50%
  Number of RAMB8BWERs:                          0 out of      64    0%
  Number of BUFIO2/BUFIO2_2CLKs:                 1 out of      32    3%
    Number used as BUFIO2s:                      1
    Number used as BUFIO2_2CLKs:                 0
  Number of BUFIO2FB/BUFIO2FB_2CLKs:             0 out of      32    0%
  Number of BUFG/BUFGMUXs:                       2 out of      16   12%
    Number used as BUFGs:                        2
    Number used as BUFGMUX:                      0
  Number of DCM/DCM_CLKGENs:                     0 out of       4    0%
  Number of ILOGIC2/ISERDES2s:                   1 out of     248    1%
    Number used as ILOGIC2s:                     1
    Number used as ISERDES2s:                    0
  Number of IODELAY2/IODRP2/IODRP2_MCBs:         0 out of     248    0%
  Number of OLOGIC2/OSERDES2s:                   1 out of     248    1%
    Number used as OLOGIC2s:                     1
    Number used as OSERDES2s:                    0
  Number of BSCANs:                              1 out of       4   25%
  Number of BUFHs:                               0 out of     128    0%
  Number of BUFPLLs:                             0 out of       8    0%
  Number of BUFPLL_MCBs:                         0 out of       4    0%
  Number of DSP48A1s:                            3 out of      32    9%
  Number of ICAPs:                               0 out of       1    0%
  Number of MCBs:                                0 out of       2    0%
  Number of PCILOGICSEs:                         0 out of       2    0%
  Number of PLL_ADVs:                            1 out of       2   50%
  Number of PMVs:                                0 out of       1    0%
  Number of STARTUPs:                            0 out of       1    0%
  Number of SUSPEND_SYNCs:                       0 out of       1    0%

Average Fanout of Non-Clock Nets:                4.05

Peak Memory Usage:  451 MB
Total REAL time to MAP completion:  33 secs 
Total CPU time to MAP completion:   28 secs 

Mapping completed.
See MAP report file "system_map.mrp" for details.



#----------------------------------------------#
# Starting program par
# par -w -ol high system_map.ncd system.ncd system.pcf 
#----------------------------------------------#
Release 14.2 - par P.28xd (nt64)
Copyright (c) 1995-2012 Xilinx, Inc.  All rights reserved.
PMSPEC -- Overriding Xilinx file <C:/Xilinx/14.2/ISE_DS/EDK/data/parBmgr.acd> with local file
<C:/Xilinx/14.2/ISE_DS/ISE/data/parBmgr.acd>



Constraints file: system.pcf.
Loading device for application Rf_Device from file '6slx16.nph' in environment
C:\Xilinx\14.2\ISE_DS\ISE\;C:\Xilinx\14.2\ISE_DS\EDK.
   "system" is an NCD, version 3.2, device xc6slx16, package csg324, speed -3
vvvvvvvvvvvvvvvvvvvvvvvvvvvvvvvvvvvvvvvvvvvvvvvvvvvvvvvvvvvvvvvvvvvvvv
INFO:Security:50 - The XILINXD_LICENSE_FILE environment variable is set to '2100@vm05.cs.lth.se'.
INFO:Security:53 - The LM_LICENSE_FILE environment variable is not set.
INFO:Security:54 - 'xc6slx16' is a WebPack part.
WARNING:Security:43 - No license file was found in the standard Xilinx license directory.
WARNING:Security:44 - Since no license file was found,
       please run the Xilinx License Configuration Manager
       (xlcm or "Manage Xilinx Licenses")
       to assist in obtaining a license.
WARNING:Security:42 - Your software subscription period has lapsed. Your current version of Xilinx tools will continue
to function, but you no longer qualify for Xilinx software updates or new releases.

----------------------------------------------------------------------

Initializing temperature to 85.000 Celsius. (default - Range: 0.000 to 85.000 Celsius)
Initializing voltage to 1.140 Volts. (default - Range: 1.140 to 1.260 Volts)


Device speed data version:  "PRODUCTION 1.22 2012-07-09".



Device Utilization Summary:

Slice Logic Utilization:
  Number of Slice Registers:                 1,521 out of  18,224    8%
    Number used as Flip Flops:               1,514
    Number used as Latches:                      0
    Number used as Latch-thrus:                  0
    Number used as AND/OR logics:                7
  Number of Slice LUTs:                      2,081 out of   9,112   22%
    Number used as logic:                    1,866 out of   9,112   20%
      Number using O6 output only:           1,503
      Number using O5 output only:              42
      Number using O5 and O6:                  321
      Number used as ROM:                        0
    Number used as Memory:                     171 out of   2,176    7%
      Number used as Dual Port RAM:             64
        Number using O6 output only:             0
        Number using O5 output only:             0
        Number using O5 and O6:                 64
      Number used as Single Port RAM:            0
      Number used as Shift Register:           107
        Number using O6 output only:            28
        Number using O5 output only:             1
        Number using O5 and O6:                 78
    Number used exclusively as route-thrus:     44
      Number with same-slice register load:     39
      Number with same-slice carry load:         5
      Number with other load:                    0

Slice Logic Distribution:
  Number of occupied Slices:                   847 out of   2,278   37%
  Nummber of MUXCYs used:                      236 out of   4,556    5%
  Number of LUT Flip Flop pairs used:        2,422
    Number with an unused Flip Flop:         1,023 out of   2,422   42%
    Number with an unused LUT:                 341 out of   2,422   14%
    Number of fully used LUT-FF pairs:       1,058 out of   2,422   43%
    Number of slice register sites lost
      to control set restrictions:               0 out of  18,224    0%

  A LUT Flip Flop pair for this architecture represents one LUT paired with
  one Flip Flop within a slice.  A control set is a unique combination of
  clock, reset, set, and enable signals for a registered element.
  The Slice Logic Distribution report is not meaningful if the design is
  over-mapped for a non-slice resource or if Placement fails.

IO Utilization:
  Number of bonded IOBs:                        24 out of     232   10%
    Number of LOCed IOBs:                       24 out of      24  100%
    IOB Flip Flops:                              2

Specific Feature Utilization:
  Number of RAMB16BWERs:                        16 out of      32   50%
  Number of RAMB8BWERs:                          0 out of      64    0%
  Number of BUFIO2/BUFIO2_2CLKs:                 1 out of      32    3%
    Number used as BUFIO2s:                      1
    Number used as BUFIO2_2CLKs:                 0
  Number of BUFIO2FB/BUFIO2FB_2CLKs:             0 out of      32    0%
  Number of BUFG/BUFGMUXs:                       2 out of      16   12%
    Number used as BUFGs:                        2
    Number used as BUFGMUX:                      0
  Number of DCM/DCM_CLKGENs:                     0 out of       4    0%
  Number of ILOGIC2/ISERDES2s:                   1 out of     248    1%
    Number used as ILOGIC2s:                     1
    Number used as ISERDES2s:                    0
  Number of IODELAY2/IODRP2/IODRP2_MCBs:         0 out of     248    0%
  Number of OLOGIC2/OSERDES2s:                   1 out of     248    1%
    Number used as OLOGIC2s:                     1
    Number used as OSERDES2s:                    0
  Number of BSCANs:                              1 out of       4   25%
  Number of BUFHs:                               0 out of     128    0%
  Number of BUFPLLs:                             0 out of       8    0%
  Number of BUFPLL_MCBs:                         0 out of       4    0%
  Number of DSP48A1s:                            3 out of      32    9%
  Number of ICAPs:                               0 out of       1    0%
  Number of MCBs:                                0 out of       2    0%
  Number of PCILOGICSEs:                         0 out of       2    0%
  Number of PLL_ADVs:                            1 out of       2   50%
  Number of PMVs:                                0 out of       1    0%
  Number of STARTUPs:                            0 out of       1    0%
  Number of SUSPEND_SYNCs:                       0 out of       1    0%


Overall effort level (-ol):   High 
Router effort level (-rl):    High 

INFO:Timing:3386 - Intersecting Constraints found and resolved.  For more information, see the TSI report.  Please consult the Xilinx
   Command Line Tools User Guide for information on generating a TSI report.
Starting initial Timing Analysis.  REAL time: 6 secs 
Finished initial Timing Analysis.  REAL time: 6 secs 

WARNING:Par:288 - The signal
   microblaze_0/microblaze_0/MicroBlaze_Core_I/Performance.Data_Flow_I/Register_File_I/Using_LUT6.All_RAM32M[12].ram32m_i_RAMD_D1_O has no
   load.  PAR will not attempt to route this signal.
WARNING:Par:288 - The signal
   microblaze_0/microblaze_0/MicroBlaze_Core_I/Performance.Data_Flow_I/Register_File_I/Using_LUT6.All_RAM32M[11].ram32m_i_RAMD_D1_O has no
   load.  PAR will not attempt to route this signal.
WARNING:Par:288 - The signal
   microblaze_0/microblaze_0/MicroBlaze_Core_I/Performance.Data_Flow_I/Register_File_I/Using_LUT6.All_RAM32M[10].ram32m_i_RAMD_D1_O has no
   load.  PAR will not attempt to route this signal.
WARNING:Par:288 - The signal
   microblaze_0/microblaze_0/MicroBlaze_Core_I/Performance.Data_Flow_I/Register_File_I/Using_LUT6.All_RAM32M[13].ram32m_i_RAMD_D1_O has no
   load.  PAR will not attempt to route this signal.
WARNING:Par:288 - The signal microblaze_0_d_bram_ctrl_2_microblaze_0_bram_block_BRAM_Addr<31> has no load.  PAR will not attempt to route
   this signal.
WARNING:Par:288 - The signal
   microblaze_0/microblaze_0/MicroBlaze_Core_I/Performance.Data_Flow_I/Register_File_I/Using_LUT6.All_RAM32M[5].ram32m_i_RAMD_D1_O has no
   load.  PAR will not attempt to route this signal.
WARNING:Par:288 - The signal
   microblaze_0/microblaze_0/MicroBlaze_Core_I/Performance.Data_Flow_I/Register_File_I/Using_LUT6.All_RAM32M[1].ram32m_i_RAMD_D1_O has no
   load.  PAR will not attempt to route this signal.
WARNING:Par:288 - The signal
   microblaze_0/microblaze_0/MicroBlaze_Core_I/Performance.Data_Flow_I/Register_File_I/Using_LUT6.All_RAM32M[2].ram32m_i_RAMD_D1_O has no
   load.  PAR will not attempt to route this signal.
WARNING:Par:288 - The signal microblaze_0_d_bram_ctrl_2_microblaze_0_bram_block_BRAM_Addr<30> has no load.  PAR will not attempt to route
   this signal.
WARNING:Par:288 - The signal
   microblaze_0/microblaze_0/MicroBlaze_Core_I/Performance.Data_Flow_I/Register_File_I/Using_LUT6.All_RAM32M[15].ram32m_i_RAMD_D1_O has no
   load.  PAR will not attempt to route this signal.
WARNING:Par:288 - The signal
   microblaze_0/microblaze_0/MicroBlaze_Core_I/Performance.Data_Flow_I/Register_File_I/Using_LUT6.All_RAM32M[14].ram32m_i_RAMD_D1_O has no
   load.  PAR will not attempt to route this signal.
WARNING:Par:288 - The signal
   microblaze_0/microblaze_0/MicroBlaze_Core_I/Performance.Data_Flow_I/Register_File_I/Using_LUT6.All_RAM32M[3].ram32m_i_RAMD_D1_O has no
   load.  PAR will not attempt to route this signal.
WARNING:Par:288 - The signal
   microblaze_0/microblaze_0/MicroBlaze_Core_I/Performance.Data_Flow_I/Register_File_I/Using_LUT6.All_RAM32M[9].ram32m_i_RAMD_D1_O has no
   load.  PAR will not attempt to route this signal.
WARNING:Par:288 - The signal
   microblaze_0/microblaze_0/MicroBlaze_Core_I/Performance.Data_Flow_I/Register_File_I/Using_LUT6.All_RAM32M[0].ram32m_i_RAMD_D1_O has no
   load.  PAR will not attempt to route this signal.
WARNING:Par:288 - The signal
   microblaze_0/microblaze_0/MicroBlaze_Core_I/Performance.Data_Flow_I/Register_File_I/Using_LUT6.All_RAM32M[8].ram32m_i_RAMD_D1_O has no
   load.  PAR will not attempt to route this signal.
WARNING:Par:288 - The signal
   microblaze_0/microblaze_0/MicroBlaze_Core_I/Performance.Data_Flow_I/Register_File_I/Using_LUT6.All_RAM32M[7].ram32m_i_RAMD_D1_O has no
   load.  PAR will not attempt to route this signal.
WARNING:Par:288 - The signal
   microblaze_0/microblaze_0/MicroBlaze_Core_I/Performance.Data_Flow_I/Register_File_I/Using_LUT6.All_RAM32M[6].ram32m_i_RAMD_D1_O has no
   load.  PAR will not attempt to route this signal.
WARNING:Par:288 - The signal
   microblaze_0/microblaze_0/MicroBlaze_Core_I/Performance.Data_Flow_I/Register_File_I/Using_LUT6.All_RAM32M[4].ram32m_i_RAMD_D1_O has no
   load.  PAR will not attempt to route this signal.
Starting Router


Phase  1  : 14903 unrouted;      REAL time: 7 secs 

Phase  2  : 11776 unrouted;      REAL time: 8 secs 

Phase  3  : 4999 unrouted;      REAL time: 14 secs 

Phase  4  : 4999 unrouted; (Setup:0, Hold:0, Component Switching Limit:0)     REAL time: 14 secs 

Updating file: system.ncd with current fully routed design.

Phase  5  : 0 unrouted; (Setup:0, Hold:0, Component Switching Limit:0)     REAL time: 19 secs 

Phase  6  : 0 unrouted; (Setup:0, Hold:0, Component Switching Limit:0)     REAL time: 19 secs 

Phase  7  : 0 unrouted; (Setup:0, Hold:0, Component Switching Limit:0)     REAL time: 19 secs 

Phase  8  : 0 unrouted; (Setup:0, Hold:0, Component Switching Limit:0)     REAL time: 19 secs 

Phase  9  : 0 unrouted; (Setup:0, Hold:0, Component Switching Limit:0)     REAL time: 19 secs 

Phase 10  : 0 unrouted; (Setup:0, Hold:0, Component Switching Limit:0)     REAL time: 20 secs 
Total REAL time to Router completion: 20 secs 
Total CPU time to Router completion: 18 secs 

Partition Implementation Status
-------------------------------

  No Partitions were found in this design.

-------------------------------

Generating "PAR" statistics.

**************************
Generating Clock Report
**************************

+---------------------+--------------+------+------+------------+-------------+
|        Clock Net    |   Resource   |Locked|Fanout|Net Skew(ns)|Max Delay(ns)|
+---------------------+--------------+------+------+------------+-------------+
|     clk_100_0000MHz |  BUFGMUX_X2Y3| No   |  727 |  0.549     |  1.395      |
+---------------------+--------------+------+------+------------+-------------+
|microblaze_0_debug_D |              |      |      |            |             |
|              bg_Clk | BUFGMUX_X3Y13| No   |   59 |  0.061     |  0.909      |
+---------------------+--------------+------+------+------------+-------------+
|microblaze_0_debug_D |              |      |      |            |             |
|           bg_Update |         Local|      |   20 |  3.517     |  5.391      |
+---------------------+--------------+------+------+------------+-------------+

* Net Skew is the difference between the minimum and maximum routing
only delays for the net. Note this is different from Clock Skew which
is reported in TRCE timing report. Clock Skew is the difference between
the minimum and maximum path delays which includes logic delays.

* The fanout is the number of component pins not the individual BEL loads,
for example SLICE loads not FF loads.

Timing Score: 0 (Setup: 0, Hold: 0, Component Switching Limit: 0)

Number of Timing Constraints that were not applied: 1

Asterisk (*) preceding a constraint indicates it was not met.
   This may be due to a setup or hold violation.

----------------------------------------------------------------------------------------------------------
  Constraint                                |    Check    | Worst Case |  Best Case | Timing |   Timing   
                                            |             |    Slack   | Achievable | Errors |    Score   
----------------------------------------------------------------------------------------------------------
  TS_clock_generator_0_clock_generator_0_SI | SETUP       |     0.324ns|     9.676ns|       0|           0
  G_PLL0_CLKOUT0 = PERIOD TIMEGRP         " | HOLD        |     0.257ns|            |       0|           0
  clock_generator_0_clock_generator_0_SIG_P |             |            |            |        |            
  LL0_CLKOUT0" TS_sys_clk_pin         HIGH  |             |            |            |        |            
  50%                                       |             |            |            |        |            
----------------------------------------------------------------------------------------------------------
  TS_sys_clk_pin = PERIOD TIMEGRP "sys_clk_ | MINLOWPULSE |     6.666ns|     3.334ns|       0|           0
  pin" 100 MHz HIGH 50%                     |             |            |            |        |            
----------------------------------------------------------------------------------------------------------
  PATH "TS_TIG_microblaze_0_Reset_path" TIG | SETUP       |         N/A|     2.078ns|     N/A|           0
----------------------------------------------------------------------------------------------------------
  PATH "TS_axi4lite_0_reset_resync_path" TI | MAXDELAY    |         N/A|     4.599ns|     N/A|           0
  G                                         |             |            |            |        |            
----------------------------------------------------------------------------------------------------------
  PATH "TS_TIG_microblaze_0_dlmb_POR_FF_I_p | SETUP       |         N/A|     1.685ns|     N/A|           0
  ath" TIG                                  |             |            |            |        |            
----------------------------------------------------------------------------------------------------------
  PATH "TS_TIG_microblaze_0_ilmb_POR_FF_I_p | SETUP       |         N/A|     1.660ns|     N/A|           0
  ath" TIG                                  |             |            |            |        |            
----------------------------------------------------------------------------------------------------------


Derived Constraint Report
Review Timing Report for more details on the following derived constraints.
To create a Timing Report, run "trce -v 12 -fastpaths -o design_timing_report design.ncd design.pcf"
or "Run Timing Analysis" from Timing Analyzer (timingan).
Derived Constraints for TS_sys_clk_pin
+-------------------------------+-------------+-------------+-------------+-------------+-------------+-------------+-------------+
|                               |   Period    |       Actual Period       |      Timing Errors        |      Paths Analyzed       |
|           Constraint          | Requirement |-------------+-------------|-------------+-------------|-------------+-------------|
|                               |             |   Direct    | Derivative  |   Direct    | Derivative  |   Direct    | Derivative  |
+-------------------------------+-------------+-------------+-------------+-------------+-------------+-------------+-------------+
|TS_sys_clk_pin                 |     10.000ns|      3.334ns|      9.676ns|            0|            0|            0|       273130|
| TS_clock_generator_0_clock_gen|     10.000ns|      9.676ns|          N/A|            0|            0|       273130|            0|
| erator_0_SIG_PLL0_CLKOUT0     |             |             |             |             |             |             |             |
+-------------------------------+-------------+-------------+-------------+-------------+-------------+-------------+-------------+

All constraints were met.
INFO:Timing:2761 - N/A entries in the Constraints List may indicate that the 
   constraint is not analyzed due to the following: No paths covered by this 
   constraint; Other constraints intersect with this constraint; or This 
   constraint was disabled by a Path Tracing Control. Please run the Timespec 
   Interaction Report (TSI) via command line (trce tsi) or Timing Analyzer GUI.


Generating Pad Report.

All signals are completely routed.

WARNING:Par:283 - There are 18 loadless signals in this design. This design will cause Bitgen to issue DRC warnings.

Total REAL time to PAR completion: 23 secs 
Total CPU time to PAR completion: 19 secs 

Peak Memory Usage:  382 MB

Placer: Placement generated during map.
Routing: Completed - No errors found.
Timing: Completed - No errors found.

Number of error messages: 0
Number of warning messages: 20
Number of info messages: 1

Writing design to file system.ncd



PAR done!



#----------------------------------------------#
# Starting program post_par_trce
# trce -e 3 -xml system.twx system.ncd system.pcf 
#----------------------------------------------#
Release 14.2 - Trace  (nt64)
Copyright (c) 1995-2012 Xilinx, Inc.  All rights reserved.


PMSPEC -- Overriding Xilinx file
<C:/Xilinx/14.2/ISE_DS/EDK/spartan6/data/spartan6.acd> with local file
<C:/Xilinx/14.2/ISE_DS/ISE/spartan6/data/spartan6.acd>
Loading device for application Rf_Device from file '6slx16.nph' in environment
C:\Xilinx\14.2\ISE_DS\ISE\;C:\Xilinx\14.2\ISE_DS\EDK.
   "system" is an NCD, version 3.2, device xc6slx16, package csg324, speed -3
INFO:Timing:3386 - Intersecting Constraints found and resolved.  For more
   information, see the TSI report.  Please consult the Xilinx Command Line
   Tools User Guide for information on generating a TSI report.
--------------------------------------------------------------------------------
Release 14.2 Trace  (nt64)
Copyright (c) 1995-2012 Xilinx, Inc.  All rights reserved.

C:\Xilinx\14.2\ISE_DS\ISE\bin\nt64\unwrapped\trce.exe -e 3 -xml system.twx
system.ncd system.pcf


Design file:              system.ncd
Physical constraint file: system.pcf
Device,speed:             xc6slx16,-3 (PRODUCTION 1.22 2012-07-09)
Report level:             error report
--------------------------------------------------------------------------------

INFO:Timing:3412 - To improve timing, see the Timing Closure User Guide (UG612).
INFO:Timing:2752 - To get complete path coverage, use the unconstrained paths option. All paths that are not constrained will be reported in
   the unconstrained paths section(s) of the report.
INFO:Timing:3339 - The clock-to-out numbers in this timing report are based on a 50 Ohm transmission line loading model.  For the details of
   this model, and for more information on accounting for different loading conditions, please see the device datasheet.


Timing summary:
---------------

Timing errors: 0  Score: 0 (Setup/Max: 0, Hold: 0)

Constraints cover 273143 paths, 0 nets, and 11649 connections

Design statistics:
   Minimum period:   9.676ns (Maximum frequency: 103.348MHz)


Analysis completed Mon Sep 22 11:12:36 2014
--------------------------------------------------------------------------------

Generating Report ...

Number of warnings: 0
Number of info messages: 4
Total time: 5 secs 


