
----------------------------------------------------------------------------
--                            File Generation                             --
----------------------------------------------------------------------------
No ProjNavigator support files will be generated at this time ...
No XST project files will be generated at this time ...
Start Creating drver source 

----------------------------------------------------------------------------
--                              Final Report                              --
----------------------------------------------------------------------------
Thank you for using Create and Import Peripheral Wizard!

Peripheral summary

  top name       : brutus
  version        : 1.00.a
  type           : FSL master slave
  features       : 

File Summary

  - HDL source -
  C:\Users\ael10jso\Xilinx\brutus\pcores\brutus_v1_00_a\hdl\vhdl
  top level      : brutus.vhd

  - XPS interface -
  C:\Users\ael10jso\Xilinx\brutus\pcores\brutus_v1_00_a\data
  mpd            : brutus_v2_1_0.mpd
  pao            : brutus_v2_1_0.pao

  - Misc file -
  C:\Users\ael10jso\Xilinx\brutus\pcores\brutus_v1_00_a\devl
  help           : README.txt
  option         : ipwiz.opt
  log            : ipwiz.log

  - Driver source -
  C:\Users\ael10jso\Xilinx\brutus\drivers\brutus_v1_00_a\src
  makefile       : Makefile
  header         : brutus.h
  source         : brutus.c

  - Driver interface -
  - user needs to add these to repositories path in SDK (Xilinx
Tools-->Repositories)
  C:\Users\ael10jso\Xilinx\brutus\drivers\brutus_v1_00_a\data
  mdd            : brutus_v2_1_0.mdd
  tcl            : brutus_v2_1_0.tcl


