
----------------------------------------------------------------------------
--                            File Generation                             --
----------------------------------------------------------------------------
No ProjNavigator support files will be generated at this time ...
No XST project files will be generated at this time ...
No driver support files will be generated at this time ...

----------------------------------------------------------------------------
--                              Final Report                              --
----------------------------------------------------------------------------
Thank you for using Create and Import Peripheral Wizard!

Peripheral summary

  top name       : myvga
  version        : 1.00.a
  type           : FSL slave
  features       : 

File Summary

  - HDL source -
C:\Users\ael10jso\Xilinx\embedded_bruteforce\brutus_system\pcores\myvga_v1_00_a\
hdl\vhdl
  top level      : myvga.vhd

  - XPS interface -
C:\Users\ael10jso\Xilinx\embedded_bruteforce\brutus_system\pcores\myvga_v1_00_a\
data
  mpd            : myvga_v2_1_0.mpd
  pao            : myvga_v2_1_0.pao

  - Misc file -
C:\Users\ael10jso\Xilinx\embedded_bruteforce\brutus_system\pcores\myvga_v1_00_a\
devl
  help           : README.txt
  option         : ipwiz.opt
  log            : ipwiz.log


