Generated Block Diagram.
Rasterizing proc_sys_reset_0.jpg.....
Rasterizing microblaze_0_ilmb.jpg.....
Rasterizing microblaze_0_i_bram_ctrl.jpg.....
Rasterizing microblaze_0_dlmb.jpg.....
Rasterizing microblaze_0_d_bram_ctrl.jpg.....
Rasterizing microblaze_0_bram_block.jpg.....
Rasterizing microblaze_0.jpg.....
Rasterizing debug_module.jpg.....
Rasterizing clock_generator_0.jpg.....
Rasterizing axi4lite_0.jpg.....
Rasterizing RS232_Uart_1.jpg.....
Rasterizing Push_Buttons_4Bits.jpg.....
Rasterizing LEDs_8Bits.jpg.....
Rasterizing DIP_Switches_8Bits.jpg.....
Rasterizing brutus_0.jpg.....
Rasterizing fsl_v20_0.jpg.....
Rasterizing fsl_v20_1.jpg.....
Rasterizing system_blkd.jpg.....
Report generated.
Report generation completed.
